<?xml version="1.0" encoding="UTF-8"?>
<!-- Generated by org.testng.reporters.JUnitReportReporter -->
<testsuite hostname="DESKTOP-CVP41T7" failures="0" tests="1" name="com.learnautomation.selenium.Demoformaven" time="0.012" errors="0" timestamp="04 Jun 2018 18:19:40 GMT" skipped="0">
  <testcase classname="com.learnautomation.selenium.Demoformaven" name="testhello" time="0.012"/>
</testsuite> <!-- com.learnautomation.selenium.Demoformaven -->
